[X]
[15][17]
000 .................
001 .................
002 .................
003 .................
004 .................
005 .................
006 .................
007 .................
008 .OO..............
009 .................
010 .................
011 .................
012 ..............X..
013 .................
014 .................
[1][2]
**...............
   9   8   8   9  10  11  12  13  14  15  16  17  18  19  20  21  22
   8   7   7   8   9  10  11  12  13  14  15  16  17  18  19  20  21
   7   6   6   7   8   9  10  11  12  13  14  15  16  17  18  19  20
   6   5   5   6   7   8   9  10  11  12  13  14  15  16  17  18  19
   5   4   4   5   6   7   8   9  10  11  12  13  14  15  16  17  18
   4   3   3   4   5   6   7   8   9  10  11  12  13  14  15  16  17
   3   2   2   3   4   5   6   7   8   9  10  11  12  13  14  15  16
   2   1   1   2   3   4   5   6   7   8   9  10  11  12  13  14  15
   1   X   X   1   2   3   4   5   6   7   8   9  10  11  12  13  14
   2   1   1   2   3   4   5   6   7   8   9  10  11  12  13  14  15
   3   2   2   3   4   5   6   7   8   9  10  11  12  13  14  15  16
   4   3   3   4   5   6   7   8   9  10  11  12  13  14  15  16  17
   5   4   4   5   6   7   8   9  10  11  12  13  14  15  16  17  18
   6   5   5   6   7   8   9  10  11  12  13  14  15  16  17  18  19
   7   6   6   7   8   9  10  11  12  13  14  15  16  17  18  19  20
